<?xml version="1.0" encoding="UTF-8"?>
<!-- Generated by org.testng.reporters.JUnitReportReporter -->
<testsuite skipped="0" hostname="LAPTOP-M6Q9KTFA" name="AmazonHydridFramework.Testcases.SignUpPageTest" tests="1" failures="0" timestamp="06 Feb 2020 16:06:04 GMT" time="36.784" errors="0">
  <testcase name="signup" time="36.784" classname="AmazonHydridFramework.Testcases.SignUpPageTest"/>
</testsuite> <!-- AmazonHydridFramework.Testcases.SignUpPageTest -->
