<?xml version="1.0" encoding="UTF-8"?>
<!-- Generated by org.testng.reporters.JUnitReportReporter -->
<testsuite skipped="0" hostname="LAPTOP-M6Q9KTFA" name="AmazonHydridFramework.Testcases.AppiumLocatorsTest" tests="1" failures="0" timestamp="07 Dec 2019 12:24:46 GMT" time="15.500" errors="0">
  <testcase name="test" time="15.500" classname="AmazonHydridFramework.Testcases.AppiumLocatorsTest"/>
</testsuite> <!-- AmazonHydridFramework.Testcases.AppiumLocatorsTest -->
