<?xml version="1.0" encoding="UTF-8"?>
<!-- Generated by org.testng.reporters.JUnitReportReporter -->
<testsuite skipped="1" hostname="LAPTOP-M6Q9KTFA" name="AmazonHydridFramework.Testcases.CheckOutPageTest" tests="1" failures="0" timestamp="02 Mar 2020 08:17:35 GMT" time="0.000" errors="0">
  <testcase name="prodCheckOut" time="0.000" classname="AmazonHydridFramework.Testcases.CheckOutPageTest">
    <skipped/>
  </testcase> <!-- prodCheckOut -->
</testsuite> <!-- AmazonHydridFramework.Testcases.CheckOutPageTest -->
